{"/Users/yuliapodgurskaia/rs-react-app/rs-react-app/forms/src/App/App.tsx": {"path":"/Users/yuliapodgurskaia/rs-react-app/rs-react-app/forms/src/App/App.tsx","statementMap":{},"fnMap":{"0":{"name":"App","decl":{"start":{"line":5,"column":9},"end":{"line":5,"column":null}},"loc":{"start":{"line":5,"column":9},"end":{"line":11,"column":null}}}},"branchMap":{},"s":{},"f":{"0":3},"b":{}}
,"/Users/yuliapodgurskaia/rs-react-app/rs-react-app/forms/src/App/routes.tsx": {"path":"/Users/yuliapodgurskaia/rs-react-app/rs-react-app/forms/src/App/routes.tsx","statementMap":{"0":{"start":{"line":5,"column":22},"end":{"line":11,"column":2}},"1":{"start":{"line":13,"column":22},"end":{"line":13,"column":50}}},"fnMap":{},"branchMap":{},"s":{"0":2,"1":2},"f":{},"b":{}}
,"/Users/yuliapodgurskaia/rs-react-app/rs-react-app/forms/src/components/Form/schema.ts": {"path":"/Users/yuliapodgurskaia/rs-react-app/rs-react-app/forms/src/components/Form/schema.ts","statementMap":{"0":{"start":{"line":4,"column":21},"end":{"line":4,"column":69}},"1":{"start":{"line":4,"column":27},"end":{"line":4,"column":69}},"2":{"start":{"line":6,"column":22},"end":{"line":6,"column":null}},"3":{"start":{"line":7,"column":26},"end":{"line":7,"column":null}},"4":{"start":{"line":9,"column":26},"end":{"line":67,"column":3}},"5":{"start":{"line":41,"column":24},"end":{"line":41,"column":null}},"6":{"start":{"line":42,"column":6},"end":{"line":42,"column":null}},"7":{"start":{"line":48,"column":6},"end":{"line":48,"column":null}},"8":{"start":{"line":48,"column":18},"end":{"line":48,"column":null}},"9":{"start":{"line":49,"column":6},"end":{"line":54,"column":null}},"10":{"start":{"line":50,"column":8},"end":{"line":52,"column":null}},"11":{"start":{"line":55,"column":6},"end":{"line":57,"column":null}},"12":{"start":{"line":56,"column":8},"end":{"line":56,"column":null}},"13":{"start":{"line":58,"column":6},"end":{"line":58,"column":null}},"14":{"start":{"line":61,"column":6},"end":{"line":61,"column":null}},"15":{"start":{"line":61,"column":18},"end":{"line":61,"column":null}},"16":{"start":{"line":62,"column":6},"end":{"line":64,"column":null}},"17":{"start":{"line":63,"column":8},"end":{"line":63,"column":null}},"18":{"start":{"line":65,"column":6},"end":{"line":65,"column":null}},"19":{"start":{"line":71,"column":28},"end":{"line":78,"column":2}},"20":{"start":{"line":72,"column":2},"end":{"line":77,"column":null}},"21":{"start":{"line":73,"column":19},"end":{"line":73,"column":null}},"22":{"start":{"line":74,"column":4},"end":{"line":74,"column":null}},"23":{"start":{"line":75,"column":4},"end":{"line":75,"column":null}},"24":{"start":{"line":75,"column":26},"end":{"line":75,"column":null}},"25":{"start":{"line":76,"column":4},"end":{"line":76,"column":null}},"26":{"start":{"line":76,"column":32},"end":{"line":76,"column":null}}},"fnMap":{"0":{"name":"(anonymous_0)","decl":{"start":{"line":4,"column":21},"end":{"line":4,"column":27}},"loc":{"start":{"line":4,"column":27},"end":{"line":4,"column":69}}},"1":{"name":"(anonymous_1)","decl":{"start":{"line":40,"column":46},"end":{"line":40,"column":47}},"loc":{"start":{"line":40,"column":47},"end":{"line":43,"column":null}}},"2":{"name":"(anonymous_2)","decl":{"start":{"line":47,"column":51},"end":{"line":47,"column":52}},"loc":{"start":{"line":47,"column":52},"end":{"line":59,"column":null}}},"3":{"name":"(anonymous_3)","decl":{"start":{"line":60,"column":51},"end":{"line":60,"column":52}},"loc":{"start":{"line":60,"column":52},"end":{"line":66,"column":null}}},"4":{"name":"(anonymous_4)","decl":{"start":{"line":71,"column":28},"end":{"line":71,"column":29}},"loc":{"start":{"line":71,"column":29},"end":{"line":78,"column":2}}},"5":{"name":"(anonymous_5)","decl":{"start":{"line":72,"column":21},"end":{"line":72,"column":22}},"loc":{"start":{"line":72,"column":31},"end":{"line":77,"column":null}}},"6":{"name":"(anonymous_6)","decl":{"start":{"line":75,"column":20},"end":{"line":75,"column":26}},"loc":{"start":{"line":75,"column":26},"end":{"line":75,"column":null}}},"7":{"name":"(anonymous_7)","decl":{"start":{"line":76,"column":21},"end":{"line":76,"column":22}},"loc":{"start":{"line":76,"column":32},"end":{"line":76,"column":null}}}},"branchMap":{"0":{"loc":{"start":{"line":4,"column":27},"end":{"line":4,"column":69}},"type":"binary-expr","locations":[{"start":{"line":4,"column":27},"end":{"line":4,"column":63}},{"start":{"line":4,"column":67},"end":{"line":4,"column":69}}]},"1":{"loc":{"start":{"line":42,"column":13},"end":{"line":42,"column":null}},"type":"binary-expr","locations":[{"start":{"line":42,"column":13},"end":{"line":42,"column":39}},{"start":{"line":42,"column":39},"end":{"line":42,"column":null}}]},"2":{"loc":{"start":{"line":48,"column":6},"end":{"line":48,"column":null}},"type":"if","locations":[{"start":{"line":48,"column":6},"end":{"line":48,"column":null}},{"start":{},"end":{}}]},"3":{"loc":{"start":{"line":49,"column":6},"end":{"line":54,"column":null}},"type":"if","locations":[{"start":{"line":49,"column":6},"end":{"line":54,"column":null}},{"start":{},"end":{}}]},"4":{"loc":{"start":{"line":51,"column":10},"end":{"line":52,"column":null}},"type":"binary-expr","locations":[{"start":{"line":51,"column":10},"end":{"line":51,"column":null}},{"start":{"line":52,"column":10},"end":{"line":52,"column":null}}]},"5":{"loc":{"start":{"line":55,"column":6},"end":{"line":57,"column":null}},"type":"if","locations":[{"start":{"line":55,"column":6},"end":{"line":57,"column":null}},{"start":{},"end":{}}]},"6":{"loc":{"start":{"line":61,"column":6},"end":{"line":61,"column":null}},"type":"if","locations":[{"start":{"line":61,"column":6},"end":{"line":61,"column":null}},{"start":{},"end":{}}]},"7":{"loc":{"start":{"line":62,"column":6},"end":{"line":64,"column":null}},"type":"if","locations":[{"start":{"line":62,"column":6},"end":{"line":64,"column":null}},{"start":{},"end":{}}]}},"s":{"0":4,"1":9,"2":4,"3":4,"4":4,"5":9,"6":9,"7":9,"8":9,"9":0,"10":0,"11":0,"12":0,"13":0,"14":9,"15":9,"16":0,"17":0,"18":0,"19":4,"20":1,"21":1,"22":1,"23":1,"24":1,"25":1,"26":0},"f":{"0":9,"1":9,"2":9,"3":9,"4":1,"5":1,"6":1,"7":0},"b":{"0":[9,0],"1":[9,9],"2":[9,0],"3":[0,0],"4":[0,0],"5":[0,0],"6":[9,0],"7":[0,0]}}
,"/Users/yuliapodgurskaia/rs-react-app/rs-react-app/forms/src/components/Form/Fields/FormFields.tsx": {"path":"/Users/yuliapodgurskaia/rs-react-app/rs-react-app/forms/src/components/Form/Fields/FormFields.tsx","statementMap":{"0":{"start":{"line":30,"column":20},"end":{"line":30,"column":null}},"1":{"start":{"line":32,"column":27},"end":{"line":34,"column":null}},"2":{"start":{"line":36,"column":4},"end":{"line":40,"column":null}},"3":{"start":{"line":42,"column":27},"end":{"line":47,"column":null}},"4":{"start":{"line":43,"column":17},"end":{"line":43,"column":36}},"5":{"start":{"line":44,"column":4},"end":{"line":46,"column":null}},"6":{"start":{"line":45,"column":6},"end":{"line":45,"column":null}}},"fnMap":{"0":{"name":"FormFields","decl":{"start":{"line":23,"column":24},"end":{"line":23,"column":35}},"loc":{"start":{"line":29,"column":18},"end":{"line":253,"column":null}}},"1":{"name":"(anonymous_1)","decl":{"start":{"line":42,"column":27},"end":{"line":42,"column":28}},"loc":{"start":{"line":42,"column":28},"end":{"line":47,"column":null}}}},"branchMap":{"0":{"loc":{"start":{"line":32,"column":27},"end":{"line":34,"column":null}},"type":"cond-expr","locations":[{"start":{"line":33,"column":6},"end":{"line":33,"column":58}},{"start":{"line":34,"column":6},"end":{"line":34,"column":null}}]},"1":{"loc":{"start":{"line":33,"column":32},"end":{"line":33,"column":53}},"type":"binary-expr","locations":[{"start":{"line":33,"column":32},"end":{"line":33,"column":49}},{"start":{"line":33,"column":49},"end":{"line":33,"column":53}}]},"2":{"loc":{"start":{"line":36,"column":4},"end":{"line":40,"column":null}},"type":"cond-expr","locations":[{"start":{"line":37,"column":8},"end":{"line":37,"column":null}},{"start":{"line":38,"column":8},"end":{"line":40,"column":null}}]},"3":{"loc":{"start":{"line":38,"column":8},"end":{"line":40,"column":null}},"type":"cond-expr","locations":[{"start":{"line":39,"column":10},"end":{"line":39,"column":null}},{"start":{"line":40,"column":10},"end":{"line":40,"column":null}}]},"4":{"loc":{"start":{"line":44,"column":4},"end":{"line":46,"column":null}},"type":"if","locations":[{"start":{"line":44,"column":4},"end":{"line":46,"column":null}},{"start":{},"end":{}}]},"5":{"loc":{"start":{"line":44,"column":8},"end":{"line":44,"column":26}},"type":"binary-expr","locations":[{"start":{"line":44,"column":8},"end":{"line":44,"column":20}},{"start":{"line":44,"column":20},"end":{"line":44,"column":26}}]},"6":{"loc":{"start":{"line":59,"column":15},"end":{"line":59,"column":61}},"type":"cond-expr","locations":[{"start":{"line":59,"column":26},"end":{"line":59,"column":45}},{"start":{"line":59,"column":45},"end":{"line":59,"column":61}}]},"7":{"loc":{"start":{"line":62,"column":9},"end":{"line":62,"column":20}},"type":"binary-expr","locations":[{"start":{"line":62,"column":9},"end":{"line":62,"column":20}}]},"8":{"loc":{"start":{"line":78,"column":15},"end":{"line":78,"column":59}},"type":"cond-expr","locations":[{"start":{"line":78,"column":26},"end":{"line":78,"column":44}},{"start":{"line":78,"column":44},"end":{"line":78,"column":59}}]},"9":{"loc":{"start":{"line":81,"column":9},"end":{"line":81,"column":19}},"type":"binary-expr","locations":[{"start":{"line":81,"column":9},"end":{"line":81,"column":19}}]},"10":{"loc":{"start":{"line":96,"column":15},"end":{"line":96,"column":63}},"type":"cond-expr","locations":[{"start":{"line":96,"column":26},"end":{"line":96,"column":46}},{"start":{"line":96,"column":46},"end":{"line":96,"column":63}}]},"11":{"loc":{"start":{"line":99,"column":9},"end":{"line":99,"column":21}},"type":"binary-expr","locations":[{"start":{"line":99,"column":9},"end":{"line":99,"column":21}}]},"12":{"loc":{"start":{"line":114,"column":15},"end":{"line":116,"column":62}},"type":"cond-expr","locations":[{"start":{"line":115,"column":14},"end":{"line":115,"column":null}},{"start":{"line":116,"column":14},"end":{"line":116,"column":62}}]},"13":{"loc":{"start":{"line":119,"column":9},"end":{"line":119,"column":null}},"type":"binary-expr","locations":[{"start":{"line":119,"column":9},"end":{"line":119,"column":null}}]},"14":{"loc":{"start":{"line":130,"column":18},"end":{"line":134,"column":45}},"type":"cond-expr","locations":[{"start":{"line":131,"column":22},"end":{"line":131,"column":41}},{"start":{"line":132,"column":22},"end":{"line":134,"column":45}}]},"15":{"loc":{"start":{"line":132,"column":22},"end":{"line":134,"column":45}},"type":"cond-expr","locations":[{"start":{"line":133,"column":24},"end":{"line":133,"column":45}},{"start":{"line":134,"column":24},"end":{"line":134,"column":45}}]},"16":{"loc":{"start":{"line":142,"column":9},"end":{"line":142,"column":24}},"type":"binary-expr","locations":[{"start":{"line":142,"column":9},"end":{"line":142,"column":24}}]},"17":{"loc":{"start":{"line":157,"column":15},"end":{"line":159,"column":41}},"type":"cond-expr","locations":[{"start":{"line":158,"column":14},"end":{"line":158,"column":null}},{"start":{"line":159,"column":14},"end":{"line":159,"column":41}}]},"18":{"loc":{"start":{"line":162,"column":9},"end":{"line":162,"column":31}},"type":"binary-expr","locations":[{"start":{"line":162,"column":9},"end":{"line":162,"column":31}}]},"19":{"loc":{"start":{"line":176,"column":15},"end":{"line":176,"column":65}},"type":"cond-expr","locations":[{"start":{"line":176,"column":26},"end":{"line":176,"column":47}},{"start":{"line":176,"column":47},"end":{"line":176,"column":65}}]},"20":{"loc":{"start":{"line":185,"column":9},"end":{"line":185,"column":22}},"type":"binary-expr","locations":[{"start":{"line":185,"column":9},"end":{"line":185,"column":22}}]},"21":{"loc":{"start":{"line":197,"column":15},"end":{"line":197,"column":73}},"type":"cond-expr","locations":[{"start":{"line":197,"column":26},"end":{"line":197,"column":51}},{"start":{"line":197,"column":51},"end":{"line":197,"column":73}}]},"22":{"loc":{"start":{"line":203,"column":9},"end":{"line":203,"column":26}},"type":"binary-expr","locations":[{"start":{"line":203,"column":9},"end":{"line":203,"column":26}}]},"23":{"loc":{"start":{"line":222,"column":9},"end":{"line":222,"column":21}},"type":"binary-expr","locations":[{"start":{"line":222,"column":9},"end":{"line":222,"column":21}}]},"24":{"loc":{"start":{"line":237,"column":15},"end":{"line":237,"column":67}},"type":"cond-expr","locations":[{"start":{"line":237,"column":26},"end":{"line":237,"column":48}},{"start":{"line":237,"column":48},"end":{"line":237,"column":67}}]},"25":{"loc":{"start":{"line":245,"column":9},"end":{"line":245,"column":23}},"type":"binary-expr","locations":[{"start":{"line":245,"column":9},"end":{"line":245,"column":23}}]}},"s":{"0":59,"1":59,"2":59,"3":59,"4":1,"5":1,"6":1},"f":{"0":59,"1":1},"b":{"0":[41,18],"1":[41,0],"2":[41,18],"3":[14,4],"4":[1,0],"5":[1,1],"6":[19,40],"7":[59],"8":[19,40],"9":[59],"10":[19,40],"11":[59],"12":[19,40],"13":[59],"14":[23,18],"15":[14,4],"16":[59],"17":[19,40],"18":[59],"19":[19,40],"20":[59],"21":[19,40],"22":[59],"23":[59],"24":[19,40],"25":[59]}}
,"/Users/yuliapodgurskaia/rs-react-app/rs-react-app/forms/src/components/Form/controllers/Controlled/Controlled.tsx": {"path":"/Users/yuliapodgurskaia/rs-react-app/rs-react-app/forms/src/components/Form/controllers/Controlled/Controlled.tsx","statementMap":{"0":{"start":{"line":17,"column":6},"end":{"line":20,"column":null}},"1":{"start":{"line":22,"column":19},"end":{"line":22,"column":null}},"2":{"start":{"line":24,"column":23},"end":{"line":29,"column":null}},"3":{"start":{"line":25,"column":4},"end":{"line":27,"column":null}},"4":{"start":{"line":26,"column":6},"end":{"line":26,"column":null}},"5":{"start":{"line":28,"column":4},"end":{"line":28,"column":null}}},"fnMap":{"0":{"name":"ControlledForm","decl":{"start":{"line":10,"column":24},"end":{"line":10,"column":39}},"loc":{"start":{"line":10,"column":72},"end":{"line":44,"column":null}}},"1":{"name":"(anonymous_1)","decl":{"start":{"line":24,"column":23},"end":{"line":24,"column":30}},"loc":{"start":{"line":24,"column":30},"end":{"line":29,"column":null}}}},"branchMap":{"0":{"loc":{"start":{"line":25,"column":4},"end":{"line":27,"column":null}},"type":"if","locations":[{"start":{"line":25,"column":4},"end":{"line":27,"column":null}},{"start":{},"end":{}}]}},"s":{"0":7,"1":7,"2":7,"3":2,"4":0,"5":2},"f":{"0":7,"1":2},"b":{"0":[0,2]}}
,"/Users/yuliapodgurskaia/rs-react-app/rs-react-app/forms/src/components/Form/controllers/Uncontrolled/Uncontrolled.tsx": {"path":"/Users/yuliapodgurskaia/rs-react-app/rs-react-app/forms/src/components/Form/controllers/Uncontrolled/Uncontrolled.tsx","statementMap":{"0":{"start":{"line":14,"column":30},"end":{"line":14,"column":null}},"1":{"start":{"line":15,"column":34},"end":{"line":15,"column":null}},"2":{"start":{"line":16,"column":18},"end":{"line":16,"column":null}},"3":{"start":{"line":17,"column":19},"end":{"line":17,"column":null}},"4":{"start":{"line":19,"column":23},"end":{"line":75,"column":null}},"5":{"start":{"line":20,"column":4},"end":{"line":20,"column":null}},"6":{"start":{"line":22,"column":4},"end":{"line":28,"column":null}},"7":{"start":{"line":23,"column":6},"end":{"line":23,"column":null}},"8":{"start":{"line":24,"column":6},"end":{"line":26,"column":null}},"9":{"start":{"line":27,"column":6},"end":{"line":27,"column":null}},"10":{"start":{"line":30,"column":21},"end":{"line":30,"column":null}},"11":{"start":{"line":31,"column":36},"end":{"line":31,"column":null}},"12":{"start":{"line":34,"column":4},"end":{"line":45,"column":null}},"13":{"start":{"line":35,"column":6},"end":{"line":44,"column":null}},"14":{"start":{"line":36,"column":8},"end":{"line":36,"column":null}},"15":{"start":{"line":37,"column":13},"end":{"line":44,"column":null}},"16":{"start":{"line":38,"column":8},"end":{"line":38,"column":null}},"17":{"start":{"line":39,"column":13},"end":{"line":44,"column":null}},"18":{"start":{"line":40,"column":8},"end":{"line":40,"column":null}},"19":{"start":{"line":41,"column":8},"end":{"line":41,"column":null}},"20":{"start":{"line":43,"column":8},"end":{"line":43,"column":null}},"21":{"start":{"line":47,"column":4},"end":{"line":74,"column":null}},"22":{"start":{"line":48,"column":28},"end":{"line":50,"column":null}},"23":{"start":{"line":51,"column":6},"end":{"line":51,"column":null}},"24":{"start":{"line":53,"column":6},"end":{"line":55,"column":null}},"25":{"start":{"line":54,"column":8},"end":{"line":54,"column":null}},"26":{"start":{"line":57,"column":6},"end":{"line":57,"column":null}},"27":{"start":{"line":58,"column":6},"end":{"line":58,"column":null}},"28":{"start":{"line":60,"column":47},"end":{"line":60,"column":null}},"29":{"start":{"line":62,"column":6},"end":{"line":71,"column":null}},"30":{"start":{"line":63,"column":8},"end":{"line":70,"column":null}},"31":{"start":{"line":64,"column":10},"end":{"line":69,"column":null}},"32":{"start":{"line":65,"column":12},"end":{"line":68,"column":null}},"33":{"start":{"line":73,"column":6},"end":{"line":73,"column":null}},"34":{"start":{"line":77,"column":31},"end":{"line":79,"column":null}},"35":{"start":{"line":78,"column":4},"end":{"line":78,"column":null}}},"fnMap":{"0":{"name":"UncontrolledForm","decl":{"start":{"line":13,"column":24},"end":{"line":13,"column":41}},"loc":{"start":{"line":13,"column":76},"end":{"line":93,"column":null}}},"1":{"name":"(anonymous_1)","decl":{"start":{"line":19,"column":23},"end":{"line":19,"column":30}},"loc":{"start":{"line":19,"column":30},"end":{"line":75,"column":null}}},"2":{"name":"(anonymous_2)","decl":{"start":{"line":34,"column":21},"end":{"line":34,"column":22}},"loc":{"start":{"line":34,"column":29},"end":{"line":45,"column":null}}},"3":{"name":"(anonymous_3)","decl":{"start":{"line":63,"column":39},"end":{"line":63,"column":40}},"loc":{"start":{"line":63,"column":40},"end":{"line":70,"column":null}}},"4":{"name":"(anonymous_4)","decl":{"start":{"line":77,"column":31},"end":{"line":77,"column":32}},"loc":{"start":{"line":77,"column":32},"end":{"line":79,"column":null}}},"5":{"name":"(anonymous_5)","decl":{"start":{"line":85,"column":18},"end":{"line":85,"column":25}},"loc":{"start":{"line":85,"column":18},"end":{"line":85,"column":null}}}},"branchMap":{"0":{"loc":{"start":{"line":22,"column":4},"end":{"line":28,"column":null}},"type":"if","locations":[{"start":{"line":22,"column":4},"end":{"line":28,"column":null}},{"start":{},"end":{}}]},"1":{"loc":{"start":{"line":35,"column":6},"end":{"line":44,"column":null}},"type":"if","locations":[{"start":{"line":35,"column":6},"end":{"line":44,"column":null}},{"start":{"line":37,"column":13},"end":{"line":44,"column":null}}]},"2":{"loc":{"start":{"line":36,"column":20},"end":{"line":36,"column":null}},"type":"cond-expr","locations":[{"start":{"line":36,"column":28},"end":{"line":36,"column":44}},{"start":{"line":36,"column":44},"end":{"line":36,"column":null}}]},"3":{"loc":{"start":{"line":37,"column":13},"end":{"line":44,"column":null}},"type":"if","locations":[{"start":{"line":37,"column":13},"end":{"line":44,"column":null}},{"start":{"line":39,"column":13},"end":{"line":44,"column":null}}]},"4":{"loc":{"start":{"line":39,"column":13},"end":{"line":44,"column":null}},"type":"if","locations":[{"start":{"line":39,"column":13},"end":{"line":44,"column":null}},{"start":{"line":42,"column":13},"end":{"line":44,"column":null}}]},"5":{"loc":{"start":{"line":39,"column":17},"end":{"line":39,"column":59}},"type":"binary-expr","locations":[{"start":{"line":39,"column":17},"end":{"line":39,"column":36}},{"start":{"line":39,"column":36},"end":{"line":39,"column":59}}]},"6":{"loc":{"start":{"line":43,"column":20},"end":{"line":43,"column":null}},"type":"binary-expr","locations":[{"start":{"line":43,"column":20},"end":{"line":43,"column":29}},{"start":{"line":43,"column":29},"end":{"line":43,"column":null}}]},"7":{"loc":{"start":{"line":53,"column":6},"end":{"line":55,"column":null}},"type":"if","locations":[{"start":{"line":53,"column":6},"end":{"line":55,"column":null}},{"start":{},"end":{}}]},"8":{"loc":{"start":{"line":62,"column":6},"end":{"line":71,"column":null}},"type":"if","locations":[{"start":{"line":62,"column":6},"end":{"line":71,"column":null}},{"start":{},"end":{}}]},"9":{"loc":{"start":{"line":64,"column":10},"end":{"line":69,"column":null}},"type":"if","locations":[{"start":{"line":64,"column":10},"end":{"line":69,"column":null}},{"start":{},"end":{}}]}},"s":{"0":40,"1":40,"2":40,"3":40,"4":40,"5":0,"6":0,"7":0,"8":0,"9":0,"10":0,"11":0,"12":0,"13":0,"14":0,"15":0,"16":0,"17":0,"18":0,"19":0,"20":0,"21":0,"22":0,"23":0,"24":0,"25":0,"26":0,"27":0,"28":0,"29":0,"30":0,"31":0,"32":0,"33":0,"34":40,"35":33},"f":{"0":40,"1":0,"2":0,"3":0,"4":33,"5":0},"b":{"0":[0,0],"1":[0,0],"2":[0,0],"3":[0,0],"4":[0,0],"5":[0,0],"6":[0,0],"7":[0,0],"8":[0,0],"9":[0,0]}}
,"/Users/yuliapodgurskaia/rs-react-app/rs-react-app/forms/src/components/ui/Modal/Modal.tsx": {"path":"/Users/yuliapodgurskaia/rs-react-app/rs-react-app/forms/src/components/ui/Modal/Modal.tsx","statementMap":{"0":{"start":{"line":18,"column":32},"end":{"line":18,"column":null}},"1":{"start":{"line":20,"column":2},"end":{"line":34,"column":null}},"2":{"start":{"line":21,"column":4},"end":{"line":21,"column":null}},"3":{"start":{"line":21,"column":17},"end":{"line":21,"column":null}},"4":{"start":{"line":23,"column":4},"end":{"line":23,"column":null}},"5":{"start":{"line":25,"column":25},"end":{"line":25,"column":null}},"6":{"start":{"line":25,"column":47},"end":{"line":25,"column":null}},"7":{"start":{"line":26,"column":4},"end":{"line":26,"column":null}},"8":{"start":{"line":27,"column":4},"end":{"line":27,"column":null}},"9":{"start":{"line":29,"column":4},"end":{"line":33,"column":null}},"10":{"start":{"line":30,"column":6},"end":{"line":30,"column":null}},"11":{"start":{"line":31,"column":6},"end":{"line":31,"column":null}},"12":{"start":{"line":32,"column":6},"end":{"line":32,"column":null}},"13":{"start":{"line":36,"column":2},"end":{"line":36,"column":null}},"14":{"start":{"line":36,"column":15},"end":{"line":36,"column":null}},"15":{"start":{"line":38,"column":2},"end":{"line":58,"column":null}},"16":{"start":{"line":44,"column":24},"end":{"line":44,"column":null}}},"fnMap":{"0":{"name":"Modal","decl":{"start":{"line":12,"column":24},"end":{"line":12,"column":30}},"loc":{"start":{"line":17,"column":13},"end":{"line":60,"column":null}}},"1":{"name":"(anonymous_1)","decl":{"start":{"line":20,"column":12},"end":{"line":20,"column":null}},"loc":{"start":{"line":20,"column":12},"end":{"line":34,"column":5}}},"2":{"name":"(anonymous_2)","decl":{"start":{"line":25,"column":25},"end":{"line":25,"column":26}},"loc":{"start":{"line":25,"column":47},"end":{"line":25,"column":null}}},"3":{"name":"(anonymous_3)","decl":{"start":{"line":29,"column":11},"end":{"line":29,"column":null}},"loc":{"start":{"line":29,"column":11},"end":{"line":33,"column":null}}},"4":{"name":"(anonymous_4)","decl":{"start":{"line":44,"column":17},"end":{"line":44,"column":18}},"loc":{"start":{"line":44,"column":24},"end":{"line":44,"column":null}}}},"branchMap":{"0":{"loc":{"start":{"line":16,"column":2},"end":{"line":16,"column":24}},"type":"default-arg","locations":[{"start":{"line":16,"column":20},"end":{"line":16,"column":24}}]},"1":{"loc":{"start":{"line":21,"column":4},"end":{"line":21,"column":null}},"type":"if","locations":[{"start":{"line":21,"column":4},"end":{"line":21,"column":null}},{"start":{},"end":{}}]},"2":{"loc":{"start":{"line":25,"column":47},"end":{"line":25,"column":null}},"type":"binary-expr","locations":[{"start":{"line":25,"column":47},"end":{"line":25,"column":69}},{"start":{"line":25,"column":69},"end":{"line":25,"column":null}}]},"3":{"loc":{"start":{"line":36,"column":2},"end":{"line":36,"column":null}},"type":"if","locations":[{"start":{"line":36,"column":2},"end":{"line":36,"column":null}},{"start":{},"end":{}}]},"4":{"loc":{"start":{"line":46,"column":9},"end":{"line":46,"column":null}},"type":"binary-expr","locations":[{"start":{"line":46,"column":9},"end":{"line":46,"column":null}}]}},"s":{"0":4,"1":4,"2":4,"3":1,"4":3,"5":3,"6":1,"7":3,"8":3,"9":3,"10":3,"11":3,"12":3,"13":4,"14":1,"15":3,"16":0},"f":{"0":4,"1":4,"2":1,"3":3,"4":0},"b":{"0":[3],"1":[1,3],"2":[1,1],"3":[1,3],"4":[3]}}
,"/Users/yuliapodgurskaia/rs-react-app/rs-react-app/forms/src/pages/404/404.tsx": {"path":"/Users/yuliapodgurskaia/rs-react-app/rs-react-app/forms/src/pages/404/404.tsx","statementMap":{"0":{"start":{"line":5,"column":16},"end":{"line":5,"column":null}},"1":{"start":{"line":6,"column":2},"end":{"line":6,"column":null}},"2":{"start":{"line":7,"column":2},"end":{"line":19,"column":null}}},"fnMap":{"0":{"name":"ErrorPage","decl":{"start":{"line":4,"column":24},"end":{"line":4,"column":null}},"loc":{"start":{"line":4,"column":24},"end":{"line":20,"column":null}}}},"branchMap":{"0":{"loc":{"start":{"line":7,"column":2},"end":{"line":19,"column":null}},"type":"if","locations":[{"start":{"line":7,"column":2},"end":{"line":19,"column":null}},{"start":{},"end":{}}]}},"s":{"0":4,"1":4,"2":4},"f":{"0":4},"b":{"0":[4,0]}}
,"/Users/yuliapodgurskaia/rs-react-app/rs-react-app/forms/src/pages/Main/Main.tsx": {"path":"/Users/yuliapodgurskaia/rs-react-app/rs-react-app/forms/src/pages/Main/Main.tsx","statementMap":{"0":{"start":{"line":12,"column":36},"end":{"line":14,"column":null}},"1":{"start":{"line":15,"column":48},"end":{"line":15,"column":null}},"2":{"start":{"line":16,"column":22},"end":{"line":16,"column":null}},"3":{"start":{"line":17,"column":19},"end":{"line":17,"column":null}},"4":{"start":{"line":19,"column":2},"end":{"line":26,"column":null}},"5":{"start":{"line":20,"column":4},"end":{"line":25,"column":null}},"6":{"start":{"line":21,"column":20},"end":{"line":23,"column":null}},"7":{"start":{"line":22,"column":8},"end":{"line":22,"column":null}},"8":{"start":{"line":24,"column":6},"end":{"line":24,"column":null}},"9":{"start":{"line":24,"column":19},"end":{"line":24,"column":null}},"10":{"start":{"line":28,"column":27},"end":{"line":51,"column":null}},"11":{"start":{"line":31,"column":4},"end":{"line":34,"column":null}},"12":{"start":{"line":32,"column":6},"end":{"line":32,"column":null}},"13":{"start":{"line":33,"column":6},"end":{"line":33,"column":null}},"14":{"start":{"line":36,"column":48},"end":{"line":36,"column":null}},"15":{"start":{"line":37,"column":4},"end":{"line":44,"column":null}},"16":{"start":{"line":38,"column":6},"end":{"line":43,"column":null}},"17":{"start":{"line":39,"column":8},"end":{"line":39,"column":null}},"18":{"start":{"line":41,"column":8},"end":{"line":41,"column":null}},"19":{"start":{"line":42,"column":8},"end":{"line":42,"column":null}},"20":{"start":{"line":46,"column":4},"end":{"line":46,"column":null}},"21":{"start":{"line":47,"column":4},"end":{"line":48,"column":null}},"22":{"start":{"line":50,"column":4},"end":{"line":50,"column":null}},"23":{"start":{"line":62,"column":25},"end":{"line":62,"column":null}},"24":{"start":{"line":70,"column":25},"end":{"line":70,"column":null}},"25":{"start":{"line":80,"column":23},"end":{"line":80,"column":null}}},"fnMap":{"0":{"name":"MainPage","decl":{"start":{"line":11,"column":24},"end":{"line":11,"column":null}},"loc":{"start":{"line":11,"column":24},"end":{"line":143,"column":null}}},"1":{"name":"(anonymous_1)","decl":{"start":{"line":19,"column":12},"end":{"line":19,"column":null}},"loc":{"start":{"line":19,"column":12},"end":{"line":26,"column":5}}},"2":{"name":"(anonymous_2)","decl":{"start":{"line":21,"column":31},"end":{"line":21,"column":null}},"loc":{"start":{"line":21,"column":31},"end":{"line":23,"column":9}}},"3":{"name":"(anonymous_3)","decl":{"start":{"line":24,"column":13},"end":{"line":24,"column":19}},"loc":{"start":{"line":24,"column":19},"end":{"line":24,"column":null}}},"4":{"name":"(anonymous_4)","decl":{"start":{"line":28,"column":27},"end":{"line":28,"column":null}},"loc":{"start":{"line":29,"column":4},"end":{"line":51,"column":null}}},"5":{"name":"(anonymous_5)","decl":{"start":{"line":62,"column":19},"end":{"line":62,"column":25}},"loc":{"start":{"line":62,"column":25},"end":{"line":62,"column":null}}},"6":{"name":"(anonymous_6)","decl":{"start":{"line":70,"column":19},"end":{"line":70,"column":25}},"loc":{"start":{"line":70,"column":25},"end":{"line":70,"column":null}}},"7":{"name":"(anonymous_7)","decl":{"start":{"line":80,"column":17},"end":{"line":80,"column":23}},"loc":{"start":{"line":80,"column":23},"end":{"line":80,"column":null}}}},"branchMap":{"0":{"loc":{"start":{"line":20,"column":4},"end":{"line":25,"column":null}},"type":"if","locations":[{"start":{"line":20,"column":4},"end":{"line":25,"column":null}},{"start":{},"end":{}}]},"1":{"loc":{"start":{"line":31,"column":4},"end":{"line":34,"column":null}},"type":"if","locations":[{"start":{"line":31,"column":4},"end":{"line":34,"column":null}},{"start":{},"end":{}}]},"2":{"loc":{"start":{"line":37,"column":4},"end":{"line":44,"column":null}},"type":"if","locations":[{"start":{"line":37,"column":4},"end":{"line":44,"column":null}},{"start":{},"end":{}}]},"3":{"loc":{"start":{"line":48,"column":6},"end":{"line":48,"column":null}},"type":"binary-expr","locations":[{"start":{"line":48,"column":6},"end":{"line":48,"column":49}},{"start":{"line":48,"column":49},"end":{"line":48,"column":null}}]},"4":{"loc":{"start":{"line":83,"column":9},"end":{"line":83,"column":null}},"type":"binary-expr","locations":[{"start":{"line":83,"column":9},"end":{"line":83,"column":null}}]},"5":{"loc":{"start":{"line":86,"column":15},"end":{"line":88,"column":null}},"type":"cond-expr","locations":[{"start":{"line":87,"column":18},"end":{"line":87,"column":null}},{"start":{"line":88,"column":18},"end":{"line":88,"column":null}}]},"6":{"loc":{"start":{"line":91,"column":14},"end":{"line":93,"column":15}},"type":"cond-expr","locations":[{"start":{"line":91,"column":14},"end":{"line":93,"column":15}}]},"7":{"loc":{"start":{"line":99,"column":7},"end":{"line":99,"column":null}},"type":"binary-expr","locations":[{"start":{"line":99,"column":7},"end":{"line":99,"column":null}}]},"8":{"loc":{"start":{"line":105,"column":47},"end":{"line":105,"column":103}},"type":"cond-expr","locations":[{"start":{"line":105,"column":77},"end":{"line":105,"column":96}},{"start":{"line":105,"column":99},"end":{"line":105,"column":103}}]},"9":{"loc":{"start":{"line":125,"column":48},"end":{"line":125,"column":null}},"type":"cond-expr","locations":[{"start":{"line":125,"column":66},"end":{"line":125,"column":74}},{"start":{"line":125,"column":74},"end":{"line":125,"column":null}}]},"10":{"loc":{"start":{"line":127,"column":15},"end":{"line":127,"column":25}},"type":"binary-expr","locations":[{"start":{"line":127,"column":15},"end":{"line":127,"column":25}}]}},"s":{"0":3,"1":2,"2":2,"3":0,"4":0,"5":0,"6":0,"7":0,"8":0,"9":0,"10":0,"11":0,"12":0,"13":0,"14":0,"15":0,"16":0,"17":0,"18":0,"19":0,"20":0,"21":0,"22":0,"23":0,"24":0,"25":0},"f":{"0":3,"1":0,"2":0,"3":0,"4":0,"5":0,"6":0,"7":0},"b":{"0":[0,0],"1":[0,0],"2":[0,0],"3":[0,0],"4":[0],"5":[0,0],"6":[0],"7":[0],"8":[0,0],"9":[0,0],"10":[0]}}
,"/Users/yuliapodgurskaia/rs-react-app/rs-react-app/forms/src/shared/lib/validator/validator.tsx": {"path":"/Users/yuliapodgurskaia/rs-react-app/rs-react-app/forms/src/shared/lib/validator/validator.tsx","statementMap":{"0":{"start":{"line":10,"column":29},"end":{"line":29,"column":null}},"1":{"start":{"line":31,"column":26},"end":{"line":114,"column":3}},"2":{"start":{"line":41,"column":17},"end":{"line":41,"column":null}},"3":{"start":{"line":60,"column":17},"end":{"line":60,"column":null}},"4":{"start":{"line":104,"column":8},"end":{"line":104,"column":null}},"5":{"start":{"line":111,"column":27},"end":{"line":111,"column":33}},"6":{"start":{"line":116,"column":28},"end":{"line":123,"column":2}},"7":{"start":{"line":117,"column":2},"end":{"line":122,"column":null}},"8":{"start":{"line":118,"column":19},"end":{"line":118,"column":null}},"9":{"start":{"line":119,"column":4},"end":{"line":119,"column":null}},"10":{"start":{"line":120,"column":4},"end":{"line":120,"column":null}},"11":{"start":{"line":120,"column":26},"end":{"line":120,"column":null}},"12":{"start":{"line":121,"column":4},"end":{"line":121,"column":null}},"13":{"start":{"line":121,"column":32},"end":{"line":121,"column":null}},"14":{"start":{"line":134,"column":41},"end":{"line":151,"column":2}},"15":{"start":{"line":137,"column":2},"end":{"line":150,"column":null}}},"fnMap":{"0":{"name":"(anonymous_0)","decl":{"start":{"line":41,"column":6},"end":{"line":41,"column":7}},"loc":{"start":{"line":41,"column":17},"end":{"line":41,"column":null}}},"1":{"name":"(anonymous_1)","decl":{"start":{"line":60,"column":6},"end":{"line":60,"column":7}},"loc":{"start":{"line":60,"column":17},"end":{"line":60,"column":null}}},"2":{"name":"(anonymous_2)","decl":{"start":{"line":103,"column":6},"end":{"line":103,"column":7}},"loc":{"start":{"line":104,"column":8},"end":{"line":104,"column":null}}},"3":{"name":"(anonymous_3)","decl":{"start":{"line":111,"column":20},"end":{"line":111,"column":21}},"loc":{"start":{"line":111,"column":27},"end":{"line":111,"column":33}}},"4":{"name":"(anonymous_4)","decl":{"start":{"line":116,"column":28},"end":{"line":116,"column":29}},"loc":{"start":{"line":116,"column":29},"end":{"line":123,"column":2}}},"5":{"name":"(anonymous_5)","decl":{"start":{"line":117,"column":21},"end":{"line":117,"column":22}},"loc":{"start":{"line":117,"column":31},"end":{"line":122,"column":null}}},"6":{"name":"(anonymous_6)","decl":{"start":{"line":120,"column":20},"end":{"line":120,"column":26}},"loc":{"start":{"line":120,"column":26},"end":{"line":120,"column":null}}},"7":{"name":"(anonymous_7)","decl":{"start":{"line":121,"column":21},"end":{"line":121,"column":22}},"loc":{"start":{"line":121,"column":32},"end":{"line":121,"column":null}}},"8":{"name":"(anonymous_8)","decl":{"start":{"line":134,"column":41},"end":{"line":134,"column":null}},"loc":{"start":{"line":135,"column":2},"end":{"line":151,"column":2}}}},"branchMap":{"0":{"loc":{"start":{"line":41,"column":38},"end":{"line":41,"column":null}},"type":"binary-expr","locations":[{"start":{"line":41,"column":38},"end":{"line":41,"column":47}},{"start":{"line":41,"column":47},"end":{"line":41,"column":null}}]},"1":{"loc":{"start":{"line":60,"column":17},"end":{"line":60,"column":null}},"type":"binary-expr","locations":[{"start":{"line":60,"column":17},"end":{"line":60,"column":27}},{"start":{"line":60,"column":27},"end":{"line":60,"column":null}}]},"2":{"loc":{"start":{"line":104,"column":8},"end":{"line":104,"column":null}},"type":"binary-expr","locations":[{"start":{"line":104,"column":8},"end":{"line":104,"column":19}},{"start":{"line":104,"column":19},"end":{"line":104,"column":48}},{"start":{"line":104,"column":48},"end":{"line":104,"column":null}}]}},"s":{"0":5,"1":5,"2":0,"3":0,"4":0,"5":15,"6":5,"7":0,"8":0,"9":0,"10":0,"11":0,"12":0,"13":0,"14":5,"15":43},"f":{"0":0,"1":0,"2":0,"3":15,"4":0,"5":0,"6":0,"7":0,"8":43},"b":{"0":[0,0],"1":[0,0],"2":[0,0,0]}}
,"/Users/yuliapodgurskaia/rs-react-app/rs-react-app/forms/src/shared/store/countriesSlice.ts": {"path":"/Users/yuliapodgurskaia/rs-react-app/rs-react-app/forms/src/shared/store/countriesSlice.ts","statementMap":{"0":{"start":{"line":4,"column":32},"end":{"line":201,"column":null}},"1":{"start":{"line":207,"column":37},"end":{"line":209,"column":null}},"2":{"start":{"line":211,"column":30},"end":{"line":215,"column":3}},"3":{"start":{"line":217,"column":31},"end":{"line":217,"column":78}},"4":{"start":{"line":217,"column":53},"end":{"line":217,"column":78}}},"fnMap":{"0":{"name":"(anonymous_0)","decl":{"start":{"line":217,"column":31},"end":{"line":217,"column":32}},"loc":{"start":{"line":217,"column":53},"end":{"line":217,"column":78}}}},"branchMap":{},"s":{"0":7,"1":7,"2":7,"3":7,"4":16},"f":{"0":16},"b":{}}
,"/Users/yuliapodgurskaia/rs-react-app/rs-react-app/forms/src/shared/store/formSlice.ts": {"path":"/Users/yuliapodgurskaia/rs-react-app/rs-react-app/forms/src/shared/store/formSlice.ts","statementMap":{"0":{"start":{"line":22,"column":32},"end":{"line":24,"column":null}},"1":{"start":{"line":26,"column":25},"end":{"line":37,"column":3}},"2":{"start":{"line":31,"column":6},"end":{"line":34,"column":null}},"3":{"start":{"line":39,"column":34},"end":{"line":41,"column":null}},"4":{"start":{"line":40,"column":24},"end":{"line":40,"column":34}},"5":{"start":{"line":41,"column":12},"end":{"line":41,"column":29}},"6":{"start":{"line":44,"column":49},"end":{"line":44,"column":66}}},"fnMap":{"0":{"name":"(anonymous_0)","decl":{"start":{"line":30,"column":21},"end":{"line":30,"column":22}},"loc":{"start":{"line":30,"column":29},"end":{"line":35,"column":null}}},"1":{"name":"(anonymous_1)","decl":{"start":{"line":40,"column":2},"end":{"line":40,"column":3}},"loc":{"start":{"line":40,"column":24},"end":{"line":40,"column":34}}},"2":{"name":"(anonymous_2)","decl":{"start":{"line":41,"column":2},"end":{"line":41,"column":3}},"loc":{"start":{"line":41,"column":12},"end":{"line":41,"column":29}}}},"branchMap":{},"s":{"0":6,"1":6,"2":0,"3":6,"4":0,"5":0,"6":6},"f":{"0":0,"1":0,"2":0},"b":{}}
,"/Users/yuliapodgurskaia/rs-react-app/rs-react-app/forms/src/shared/store/store.ts": {"path":"/Users/yuliapodgurskaia/rs-react-app/rs-react-app/forms/src/shared/store/store.ts","statementMap":{"0":{"start":{"line":7,"column":21},"end":{"line":13,"column":3}},"1":{"start":{"line":15,"column":0},"end":{"line":15,"column":null}}},"fnMap":{},"branchMap":{},"s":{"0":5,"1":5},"f":{},"b":{}}
}
