{"/Users/yuliapodgurskaia/rs-react-app/rs-react-app/src/components/SearchSection/SearchSection.tsx": {"path":"/Users/yuliapodgurskaia/rs-react-app/rs-react-app/src/components/SearchSection/SearchSection.tsx","statementMap":{"0":{"start":{"line":29,"column":23},"end":{"line":29,"column":null}},"1":{"start":{"line":30,"column":4},"end":{"line":32,"column":null}},"2":{"start":{"line":31,"column":6},"end":{"line":31,"column":null}},"3":{"start":{"line":89,"column":38},"end":{"line":89,"column":48}},"4":{"start":{"line":19,"column":0},"end":{"line":86,"column":null}},"5":{"start":{"line":36,"column":4},"end":{"line":36,"column":null}},"6":{"start":{"line":40,"column":4},"end":{"line":40,"column":null}},"7":{"start":{"line":41,"column":4},"end":{"line":41,"column":null}},"8":{"start":{"line":64,"column":4},"end":{"line":64,"column":null}},"9":{"start":{"line":65,"column":4},"end":{"line":65,"column":null}},"10":{"start":{"line":66,"column":4},"end":{"line":66,"column":null}},"11":{"start":{"line":68,"column":4},"end":{"line":85,"column":null}},"12":{"start":{"line":69,"column":23},"end":{"line":69,"column":null}},"13":{"start":{"line":71,"column":6},"end":{"line":77,"column":null}},"14":{"start":{"line":72,"column":8},"end":{"line":72,"column":null}},"15":{"start":{"line":73,"column":8},"end":{"line":73,"column":null}},"16":{"start":{"line":75,"column":8},"end":{"line":75,"column":null}},"17":{"start":{"line":76,"column":8},"end":{"line":76,"column":null}},"18":{"start":{"line":79,"column":6},"end":{"line":79,"column":null}},"19":{"start":{"line":80,"column":6},"end":{"line":80,"column":null}},"20":{"start":{"line":81,"column":6},"end":{"line":81,"column":null}},"21":{"start":{"line":83,"column":6},"end":{"line":83,"column":null}},"22":{"start":{"line":84,"column":6},"end":{"line":84,"column":null}}},"fnMap":{"0":{"name":"(anonymous_1)","decl":{"start":{"line":28,"column":2},"end":{"line":28,"column":22}},"loc":{"start":{"line":28,"column":22},"end":{"line":33,"column":null}}},"1":{"name":"(anonymous_2)","decl":{"start":{"line":88,"column":2},"end":{"line":88,"column":11}},"loc":{"start":{"line":88,"column":11},"end":{"line":112,"column":null}}},"2":{"name":"(anonymous_4)","decl":{"start":{"line":35,"column":22},"end":{"line":35,"column":23}},"loc":{"start":{"line":35,"column":23},"end":{"line":37,"column":null}}},"3":{"name":"(anonymous_5)","decl":{"start":{"line":39,"column":17},"end":{"line":39,"column":24}},"loc":{"start":{"line":39,"column":24},"end":{"line":42,"column":null}}},"4":{"name":"(anonymous_6)","decl":{"start":{"line":63,"column":18},"end":{"line":63,"column":25}},"loc":{"start":{"line":63,"column":25},"end":{"line":86,"column":null}}}},"branchMap":{"0":{"loc":{"start":{"line":30,"column":4},"end":{"line":32,"column":null}},"type":"if","locations":[{"start":{"line":30,"column":4},"end":{"line":32,"column":null}},{"start":{},"end":{}}]},"1":{"loc":{"start":{"line":105,"column":24},"end":{"line":105,"column":null}},"type":"cond-expr","locations":[{"start":{"line":105,"column":36},"end":{"line":105,"column":53}},{"start":{"line":105,"column":53},"end":{"line":105,"column":null}}]},"2":{"loc":{"start":{"line":107,"column":13},"end":{"line":107,"column":null}},"type":"cond-expr","locations":[{"start":{"line":107,"column":25},"end":{"line":107,"column":42}},{"start":{"line":107,"column":42},"end":{"line":107,"column":null}}]},"3":{"loc":{"start":{"line":24,"column":16},"end":{"line":24,"column":null}},"type":"binary-expr","locations":[{"start":{"line":24,"column":16},"end":{"line":24,"column":50}},{"start":{"line":24,"column":50},"end":{"line":24,"column":null}}]},"4":{"loc":{"start":{"line":69,"column":23},"end":{"line":69,"column":null}},"type":"binary-expr","locations":[{"start":{"line":69,"column":23},"end":{"line":69,"column":68}},{"start":{"line":69,"column":68},"end":{"line":69,"column":null}}]},"5":{"loc":{"start":{"line":71,"column":6},"end":{"line":77,"column":null}},"type":"if","locations":[{"start":{"line":71,"column":6},"end":{"line":77,"column":null}},{"start":{"line":74,"column":13},"end":{"line":77,"column":null}}]},"6":{"loc":{"start":{"line":72,"column":35},"end":{"line":72,"column":54}},"type":"binary-expr","locations":[{"start":{"line":72,"column":35},"end":{"line":72,"column":48}},{"start":{"line":72,"column":52},"end":{"line":72,"column":54}}]},"7":{"loc":{"start":{"line":75,"column":33},"end":{"line":75,"column":null}},"type":"binary-expr","locations":[{"start":{"line":75,"column":33},"end":{"line":75,"column":49}},{"start":{"line":75,"column":53},"end":{"line":75,"column":null}}]}},"s":{"0":3,"1":3,"2":1,"3":4,"4":3,"5":0,"6":0,"7":0,"8":1,"9":1,"10":1,"11":1,"12":1,"13":0,"14":0,"15":0,"16":0,"17":0,"18":1,"19":1,"20":1,"21":1,"22":1},"f":{"0":3,"1":4,"2":0,"3":0,"4":1},"b":{"0":[1,2],"1":[0,4],"2":[0,4],"3":[3,2],"4":[1,0],"5":[0,0],"6":[0,0],"7":[0,0]}}
,"/Users/yuliapodgurskaia/rs-react-app/rs-react-app/src/components/ui/Button/Button.tsx": {"path":"/Users/yuliapodgurskaia/rs-react-app/rs-react-app/src/components/ui/Button/Button.tsx","statementMap":{"0":{"start":{"line":19,"column":50},"end":{"line":19,"column":60}},"1":{"start":{"line":12,"column":2},"end":{"line":16,"column":null}}},"fnMap":{"0":{"name":"(anonymous_1)","decl":{"start":{"line":18,"column":2},"end":{"line":18,"column":11}},"loc":{"start":{"line":18,"column":11},"end":{"line":32,"column":null}}}},"branchMap":{},"s":{"0":4,"1":1},"f":{"0":4},"b":{}}
}
