{"/Users/yuliapodgurskaia/rs-react-app/rs-react-app/src/App.tsx": {"path":"/Users/yuliapodgurskaia/rs-react-app/rs-react-app/src/App.tsx","statementMap":{"0":{"start":{"line":28,"column":4},"end":{"line":28,"column":null}},"1":{"start":{"line":32,"column":4},"end":{"line":32,"column":null}},"2":{"start":{"line":33,"column":21},"end":{"line":33,"column":null}},"3":{"start":{"line":35,"column":4},"end":{"line":47,"column":null}},"4":{"start":{"line":36,"column":6},"end":{"line":40,"column":null}},"5":{"start":{"line":42,"column":6},"end":{"line":46,"column":null}},"6":{"start":{"line":74,"column":58},"end":{"line":74,"column":68}},"7":{"start":{"line":76,"column":4},"end":{"line":78,"column":null}},"8":{"start":{"line":77,"column":6},"end":{"line":77,"column":null}},"9":{"start":{"line":18,"column":0},"end":{"line":71,"column":null}},"10":{"start":{"line":51,"column":4},"end":{"line":58,"column":null}},"11":{"start":{"line":62,"column":4},"end":{"line":62,"column":null}},"12":{"start":{"line":66,"column":4},"end":{"line":66,"column":null}},"13":{"start":{"line":70,"column":4},"end":{"line":70,"column":null}}},"fnMap":{"0":{"name":"(anonymous_1)","decl":{"start":{"line":27,"column":2},"end":{"line":27,"column":8}},"loc":{"start":{"line":27,"column":28},"end":{"line":29,"column":null}}},"1":{"name":"(anonymous_2)","decl":{"start":{"line":31,"column":2},"end":{"line":31,"column":8}},"loc":{"start":{"line":31,"column":26},"end":{"line":48,"column":null}}},"2":{"name":"(anonymous_3)","decl":{"start":{"line":73,"column":2},"end":{"line":73,"column":11}},"loc":{"start":{"line":73,"column":11},"end":{"line":95,"column":null}}},"3":{"name":"(anonymous_5)","decl":{"start":{"line":50,"column":24},"end":{"line":50,"column":25}},"loc":{"start":{"line":50,"column":54},"end":{"line":59,"column":null}}},"4":{"name":"(anonymous_6)","decl":{"start":{"line":61,"column":24},"end":{"line":61,"column":25}},"loc":{"start":{"line":61,"column":25},"end":{"line":63,"column":null}}},"5":{"name":"(anonymous_7)","decl":{"start":{"line":65,"column":22},"end":{"line":65,"column":23}},"loc":{"start":{"line":65,"column":23},"end":{"line":67,"column":null}}},"6":{"name":"(anonymous_8)","decl":{"start":{"line":69,"column":21},"end":{"line":69,"column":null}},"loc":{"start":{"line":69,"column":21},"end":{"line":71,"column":null}}}},"branchMap":{"0":{"loc":{"start":{"line":35,"column":4},"end":{"line":47,"column":null}},"type":"if","locations":[{"start":{"line":35,"column":4},"end":{"line":47,"column":null}},{"start":{"line":41,"column":11},"end":{"line":47,"column":null}}]},"1":{"loc":{"start":{"line":76,"column":4},"end":{"line":78,"column":null}},"type":"if","locations":[{"start":{"line":76,"column":4},"end":{"line":78,"column":null}},{"start":{},"end":{}}]},"2":{"loc":{"start":{"line":54,"column":8},"end":{"line":56,"column":null}},"type":"cond-expr","locations":[{"start":{"line":55,"column":12},"end":{"line":55,"column":null}},{"start":{"line":56,"column":12},"end":{"line":56,"column":null}}]},"3":{"loc":{"start":{"line":54,"column":8},"end":{"line":54,"column":null}},"type":"binary-expr","locations":[{"start":{"line":54,"column":8},"end":{"line":54,"column":32}},{"start":{"line":54,"column":32},"end":{"line":54,"column":null}}]}},"s":{"0":4,"1":4,"2":4,"3":3,"4":2,"5":1,"6":10,"7":10,"8":0,"9":4,"10":0,"11":0,"12":0,"13":0},"f":{"0":4,"1":4,"2":10,"3":0,"4":0,"5":0,"6":0},"b":{"0":[2,1],"1":[0,10],"2":[0,0],"3":[0,0]}}
,"/Users/yuliapodgurskaia/rs-react-app/rs-react-app/src/main.tsx": {"path":"/Users/yuliapodgurskaia/rs-react-app/rs-react-app/src/main.tsx","statementMap":{"0":{"start":{"line":7,"column":20},"end":{"line":7,"column":null}},"1":{"start":{"line":8,"column":0},"end":{"line":8,"column":null}},"2":{"start":{"line":8,"column":18},"end":{"line":8,"column":null}}},"fnMap":{},"branchMap":{"0":{"loc":{"start":{"line":8,"column":0},"end":{"line":8,"column":null}},"type":"if","locations":[{"start":{"line":8,"column":0},"end":{"line":8,"column":null}},{"start":{},"end":{}}]}},"s":{"0":0,"1":0,"2":0},"f":{},"b":{"0":[0,0]}}
,"/Users/yuliapodgurskaia/rs-react-app/rs-react-app/src/components/ErrorBoundary/ErrorBoundary.tsx": {"path":"/Users/yuliapodgurskaia/rs-react-app/rs-react-app/src/components/ErrorBoundary/ErrorBoundary.tsx","statementMap":{"0":{"start":{"line":18,"column":4},"end":{"line":18,"column":null}},"1":{"start":{"line":22,"column":4},"end":{"line":25,"column":null}},"2":{"start":{"line":35,"column":4},"end":{"line":55,"column":null}},"3":{"start":{"line":56,"column":4},"end":{"line":56,"column":null}},"4":{"start":{"line":14,"column":0},"end":{"line":32,"column":null}},"5":{"start":{"line":30,"column":4},"end":{"line":30,"column":null}},"6":{"start":{"line":31,"column":4},"end":{"line":31,"column":null}}},"fnMap":{"0":{"name":"(anonymous_1)","decl":{"start":{"line":17,"column":2},"end":{"line":17,"column":9}},"loc":{"start":{"line":17,"column":55},"end":{"line":19,"column":null}}},"1":{"name":"(anonymous_2)","decl":{"start":{"line":21,"column":2},"end":{"line":21,"column":20}},"loc":{"start":{"line":21,"column":57},"end":{"line":27,"column":null}}},"2":{"name":"(anonymous_3)","decl":{"start":{"line":34,"column":2},"end":{"line":34,"column":11}},"loc":{"start":{"line":34,"column":11},"end":{"line":57,"column":null}}},"3":{"name":"(anonymous_5)","decl":{"start":{"line":29,"column":16},"end":{"line":29,"column":null}},"loc":{"start":{"line":29,"column":16},"end":{"line":32,"column":null}}}},"branchMap":{"0":{"loc":{"start":{"line":35,"column":4},"end":{"line":55,"column":null}},"type":"if","locations":[{"start":{"line":35,"column":4},"end":{"line":55,"column":null}},{"start":{},"end":{}}]}},"s":{"0":6,"1":3,"2":13,"3":7,"4":8,"5":0,"6":0},"f":{"0":6,"1":3,"2":13,"3":0},"b":{"0":[6,7]}}
,"/Users/yuliapodgurskaia/rs-react-app/rs-react-app/src/components/ResultsSection/ResultsSection.tsx": {"path":"/Users/yuliapodgurskaia/rs-react-app/rs-react-app/src/components/ResultsSection/ResultsSection.tsx","statementMap":{"0":{"start":{"line":15,"column":40},"end":{"line":15,"column":50}},"1":{"start":{"line":17,"column":4},"end":{"line":29,"column":null}},"2":{"start":{"line":31,"column":4},"end":{"line":37,"column":null}},"3":{"start":{"line":39,"column":4},"end":{"line":45,"column":null}}},"fnMap":{"0":{"name":"(anonymous_0)","decl":{"start":{"line":14,"column":2},"end":{"line":14,"column":11}},"loc":{"start":{"line":14,"column":11},"end":{"line":52,"column":null}}}},"branchMap":{"0":{"loc":{"start":{"line":17,"column":4},"end":{"line":29,"column":null}},"type":"if","locations":[{"start":{"line":17,"column":4},"end":{"line":29,"column":null}},{"start":{},"end":{}}]},"1":{"loc":{"start":{"line":31,"column":4},"end":{"line":37,"column":null}},"type":"if","locations":[{"start":{"line":31,"column":4},"end":{"line":37,"column":null}},{"start":{},"end":{}}]},"2":{"loc":{"start":{"line":39,"column":4},"end":{"line":45,"column":null}},"type":"if","locations":[{"start":{"line":39,"column":4},"end":{"line":45,"column":null}},{"start":{},"end":{}}]}},"s":{"0":8,"1":8,"2":7,"3":5},"f":{"0":8},"b":{"0":[1,7],"1":[2,5],"2":[1,4]}}
,"/Users/yuliapodgurskaia/rs-react-app/rs-react-app/src/components/SearchSection/SearchSection.tsx": {"path":"/Users/yuliapodgurskaia/rs-react-app/rs-react-app/src/components/SearchSection/SearchSection.tsx","statementMap":{"0":{"start":{"line":29,"column":23},"end":{"line":29,"column":null}},"1":{"start":{"line":30,"column":4},"end":{"line":32,"column":null}},"2":{"start":{"line":31,"column":6},"end":{"line":31,"column":null}},"3":{"start":{"line":89,"column":38},"end":{"line":89,"column":48}},"4":{"start":{"line":19,"column":0},"end":{"line":86,"column":null}},"5":{"start":{"line":36,"column":4},"end":{"line":36,"column":null}},"6":{"start":{"line":40,"column":4},"end":{"line":40,"column":null}},"7":{"start":{"line":41,"column":4},"end":{"line":41,"column":null}},"8":{"start":{"line":64,"column":4},"end":{"line":64,"column":null}},"9":{"start":{"line":65,"column":4},"end":{"line":65,"column":null}},"10":{"start":{"line":66,"column":4},"end":{"line":66,"column":null}},"11":{"start":{"line":68,"column":4},"end":{"line":85,"column":null}},"12":{"start":{"line":69,"column":23},"end":{"line":69,"column":null}},"13":{"start":{"line":71,"column":6},"end":{"line":77,"column":null}},"14":{"start":{"line":72,"column":8},"end":{"line":72,"column":null}},"15":{"start":{"line":73,"column":8},"end":{"line":73,"column":null}},"16":{"start":{"line":75,"column":8},"end":{"line":75,"column":null}},"17":{"start":{"line":76,"column":8},"end":{"line":76,"column":null}},"18":{"start":{"line":79,"column":6},"end":{"line":79,"column":null}},"19":{"start":{"line":80,"column":6},"end":{"line":80,"column":null}},"20":{"start":{"line":81,"column":6},"end":{"line":81,"column":null}},"21":{"start":{"line":83,"column":6},"end":{"line":83,"column":null}},"22":{"start":{"line":84,"column":6},"end":{"line":84,"column":null}}},"fnMap":{"0":{"name":"(anonymous_1)","decl":{"start":{"line":28,"column":2},"end":{"line":28,"column":22}},"loc":{"start":{"line":28,"column":22},"end":{"line":33,"column":null}}},"1":{"name":"(anonymous_2)","decl":{"start":{"line":88,"column":2},"end":{"line":88,"column":11}},"loc":{"start":{"line":88,"column":11},"end":{"line":112,"column":null}}},"2":{"name":"(anonymous_4)","decl":{"start":{"line":35,"column":22},"end":{"line":35,"column":23}},"loc":{"start":{"line":35,"column":23},"end":{"line":37,"column":null}}},"3":{"name":"(anonymous_5)","decl":{"start":{"line":39,"column":17},"end":{"line":39,"column":24}},"loc":{"start":{"line":39,"column":24},"end":{"line":42,"column":null}}},"4":{"name":"(anonymous_6)","decl":{"start":{"line":63,"column":18},"end":{"line":63,"column":25}},"loc":{"start":{"line":63,"column":25},"end":{"line":86,"column":null}}}},"branchMap":{"0":{"loc":{"start":{"line":30,"column":4},"end":{"line":32,"column":null}},"type":"if","locations":[{"start":{"line":30,"column":4},"end":{"line":32,"column":null}},{"start":{},"end":{}}]},"1":{"loc":{"start":{"line":105,"column":24},"end":{"line":105,"column":null}},"type":"cond-expr","locations":[{"start":{"line":105,"column":36},"end":{"line":105,"column":53}},{"start":{"line":105,"column":53},"end":{"line":105,"column":null}}]},"2":{"loc":{"start":{"line":107,"column":13},"end":{"line":107,"column":null}},"type":"cond-expr","locations":[{"start":{"line":107,"column":25},"end":{"line":107,"column":42}},{"start":{"line":107,"column":42},"end":{"line":107,"column":null}}]},"3":{"loc":{"start":{"line":24,"column":16},"end":{"line":24,"column":null}},"type":"binary-expr","locations":[{"start":{"line":24,"column":16},"end":{"line":24,"column":50}},{"start":{"line":24,"column":50},"end":{"line":24,"column":null}}]},"4":{"loc":{"start":{"line":69,"column":23},"end":{"line":69,"column":null}},"type":"binary-expr","locations":[{"start":{"line":69,"column":23},"end":{"line":69,"column":68}},{"start":{"line":69,"column":68},"end":{"line":69,"column":null}}]},"5":{"loc":{"start":{"line":71,"column":6},"end":{"line":77,"column":null}},"type":"if","locations":[{"start":{"line":71,"column":6},"end":{"line":77,"column":null}},{"start":{"line":74,"column":13},"end":{"line":77,"column":null}}]},"6":{"loc":{"start":{"line":72,"column":35},"end":{"line":72,"column":54}},"type":"binary-expr","locations":[{"start":{"line":72,"column":35},"end":{"line":72,"column":48}},{"start":{"line":72,"column":52},"end":{"line":72,"column":54}}]},"7":{"loc":{"start":{"line":75,"column":33},"end":{"line":75,"column":null}},"type":"binary-expr","locations":[{"start":{"line":75,"column":33},"end":{"line":75,"column":49}},{"start":{"line":75,"column":53},"end":{"line":75,"column":null}}]}},"s":{"0":3,"1":3,"2":1,"3":4,"4":3,"5":0,"6":0,"7":0,"8":1,"9":1,"10":1,"11":1,"12":1,"13":0,"14":0,"15":0,"16":0,"17":0,"18":1,"19":1,"20":1,"21":1,"22":1},"f":{"0":3,"1":4,"2":0,"3":0,"4":1},"b":{"0":[1,2],"1":[0,4],"2":[0,4],"3":[3,2],"4":[1,0],"5":[0,0],"6":[0,0],"7":[0,0]}}
,"/Users/yuliapodgurskaia/rs-react-app/rs-react-app/src/components/layout/Footer/Footer.tsx": {"path":"/Users/yuliapodgurskaia/rs-react-app/rs-react-app/src/components/layout/Footer/Footer.tsx","statementMap":{},"fnMap":{"0":{"name":"(anonymous_0)","decl":{"start":{"line":5,"column":2},"end":{"line":5,"column":21}},"loc":{"start":{"line":5,"column":21},"end":{"line":11,"column":null}}},"1":{"name":"(anonymous_1)","decl":{"start":{"line":13,"column":2},"end":{"line":13,"column":23}},"loc":{"start":{"line":13,"column":23},"end":{"line":21,"column":null}}},"2":{"name":"(anonymous_2)","decl":{"start":{"line":23,"column":2},"end":{"line":23,"column":11}},"loc":{"start":{"line":23,"column":11},"end":{"line":53,"column":null}}}},"branchMap":{},"s":{},"f":{"0":0,"1":0,"2":0},"b":{}}
,"/Users/yuliapodgurskaia/rs-react-app/rs-react-app/src/components/layout/Header/Header.tsx": {"path":"/Users/yuliapodgurskaia/rs-react-app/rs-react-app/src/components/layout/Header/Header.tsx","statementMap":{},"fnMap":{"0":{"name":"(anonymous_0)","decl":{"start":{"line":5,"column":2},"end":{"line":5,"column":11}},"loc":{"start":{"line":5,"column":11},"end":{"line":11,"column":null}}}},"branchMap":{},"s":{},"f":{"0":0},"b":{}}
,"/Users/yuliapodgurskaia/rs-react-app/rs-react-app/src/components/ui/Button/Button.tsx": {"path":"/Users/yuliapodgurskaia/rs-react-app/rs-react-app/src/components/ui/Button/Button.tsx","statementMap":{"0":{"start":{"line":19,"column":50},"end":{"line":19,"column":60}},"1":{"start":{"line":12,"column":2},"end":{"line":16,"column":null}}},"fnMap":{"0":{"name":"(anonymous_1)","decl":{"start":{"line":18,"column":2},"end":{"line":18,"column":11}},"loc":{"start":{"line":18,"column":11},"end":{"line":32,"column":null}}}},"branchMap":{},"s":{"0":20,"1":3},"f":{"0":20},"b":{}}
,"/Users/yuliapodgurskaia/rs-react-app/rs-react-app/src/components/ui/Card/Card.tsx": {"path":"/Users/yuliapodgurskaia/rs-react-app/rs-react-app/src/components/ui/Card/Card.tsx","statementMap":{"0":{"start":{"line":11,"column":26},"end":{"line":11,"column":36}}},"fnMap":{"0":{"name":"(anonymous_0)","decl":{"start":{"line":10,"column":2},"end":{"line":10,"column":11}},"loc":{"start":{"line":10,"column":11},"end":{"line":45,"column":null}}}},"branchMap":{},"s":{"0":117},"f":{"0":117},"b":{}}
,"/Users/yuliapodgurskaia/rs-react-app/rs-react-app/src/components/ui/CardList/CardList.tsx": {"path":"/Users/yuliapodgurskaia/rs-react-app/rs-react-app/src/components/ui/CardList/CardList.tsx","statementMap":{"0":{"start":{"line":12,"column":27},"end":{"line":12,"column":37}}},"fnMap":{"0":{"name":"(anonymous_0)","decl":{"start":{"line":11,"column":2},"end":{"line":11,"column":11}},"loc":{"start":{"line":11,"column":11},"end":{"line":20,"column":null}}}},"branchMap":{},"s":{"0":9},"f":{"0":9},"b":{}}
,"/Users/yuliapodgurskaia/rs-react-app/rs-react-app/src/components/ui/Loader/Loader.tsx": {"path":"/Users/yuliapodgurskaia/rs-react-app/rs-react-app/src/components/ui/Loader/Loader.tsx","statementMap":{"0":{"start":{"line":26,"column":4},"end":{"line":26,"column":null}},"1":{"start":{"line":28,"column":4},"end":{"line":36,"column":null}},"2":{"start":{"line":29,"column":6},"end":{"line":35,"column":null}},"3":{"start":{"line":30,"column":8},"end":{"line":34,"column":null}},"4":{"start":{"line":31,"column":10},"end":{"line":33,"column":null}},"5":{"start":{"line":32,"column":12},"end":{"line":32,"column":null}},"6":{"start":{"line":40,"column":4},"end":{"line":40,"column":null}},"7":{"start":{"line":41,"column":4},"end":{"line":41,"column":null}},"8":{"start":{"line":45,"column":4},"end":{"line":47,"column":null}},"9":{"start":{"line":46,"column":6},"end":{"line":46,"column":null}},"10":{"start":{"line":18,"column":4},"end":{"line":15,"column":null}},"11":{"start":{"line":19,"column":4},"end":{"line":22,"column":null}}},"fnMap":{"0":{"name":"(anonymous_1)","decl":{"start":{"line":25,"column":2},"end":{"line":25,"column":22}},"loc":{"start":{"line":25,"column":22},"end":{"line":37,"column":null}}},"1":{"name":"(anonymous_2)","decl":{"start":{"line":28,"column":28},"end":{"line":28,"column":null}},"loc":{"start":{"line":28,"column":28},"end":{"line":36,"column":7}}},"2":{"name":"(anonymous_3)","decl":{"start":{"line":30,"column":46},"end":{"line":30,"column":null}},"loc":{"start":{"line":30,"column":46},"end":{"line":34,"column":null}}},"3":{"name":"(anonymous_4)","decl":{"start":{"line":31,"column":34},"end":{"line":31,"column":null}},"loc":{"start":{"line":31,"column":34},"end":{"line":33,"column":13}}},"4":{"name":"(anonymous_5)","decl":{"start":{"line":39,"column":2},"end":{"line":39,"column":25}},"loc":{"start":{"line":39,"column":25},"end":{"line":42,"column":null}}},"5":{"name":"(anonymous_6)","decl":{"start":{"line":44,"column":2},"end":{"line":44,"column":11}},"loc":{"start":{"line":44,"column":11},"end":{"line":62,"column":null}}},"6":{"name":"(anonymous_7)","decl":{"start":{"line":17,"column":2},"end":{"line":17,"column":14}},"loc":{"start":{"line":17,"column":34},"end":{"line":23,"column":null}}}},"branchMap":{"0":{"loc":{"start":{"line":29,"column":6},"end":{"line":35,"column":null}},"type":"if","locations":[{"start":{"line":29,"column":6},"end":{"line":35,"column":null}},{"start":{},"end":{}}]},"1":{"loc":{"start":{"line":33,"column":13},"end":{"line":33,"column":null}},"type":"binary-expr","locations":[{"start":{"line":33,"column":13},"end":{"line":33,"column":38}},{"start":{"line":33,"column":42},"end":{"line":33,"column":null}}]},"2":{"loc":{"start":{"line":45,"column":4},"end":{"line":47,"column":null}},"type":"if","locations":[{"start":{"line":45,"column":4},"end":{"line":47,"column":null}},{"start":{},"end":{}}]},"3":{"loc":{"start":{"line":52,"column":50},"end":{"line":52,"column":94}},"type":"cond-expr","locations":[{"start":{"line":52,"column":73},"end":{"line":52,"column":87}},{"start":{"line":52,"column":90},"end":{"line":52,"column":94}}]}},"s":{"0":1,"1":1,"2":0,"3":0,"4":0,"5":0,"6":1,"7":1,"8":1,"9":1,"10":1,"11":1},"f":{"0":1,"1":0,"2":0,"3":0,"4":1,"5":1,"6":1},"b":{"0":[0,0],"1":[0,0],"2":[1,0],"3":[0,0]}}
,"/Users/yuliapodgurskaia/rs-react-app/rs-react-app/src/services/apiService.ts": {"path":"/Users/yuliapodgurskaia/rs-react-app/rs-react-app/src/services/apiService.ts","statementMap":{"0":{"start":{"line":16,"column":2},"end":{"line":16,"column":null}},"1":{"start":{"line":20,"column":4},"end":{"line":37,"column":null}},"2":{"start":{"line":21,"column":23},"end":{"line":21,"column":null}},"3":{"start":{"line":22,"column":6},"end":{"line":27,"column":null}},"4":{"start":{"line":23,"column":8},"end":{"line":26,"column":null}},"5":{"start":{"line":28,"column":6},"end":{"line":31,"column":null}},"6":{"start":{"line":33,"column":6},"end":{"line":36,"column":null}},"7":{"start":{"line":41,"column":45},"end":{"line":46,"column":null}},"8":{"start":{"line":47,"column":4},"end":{"line":47,"column":null}},"9":{"start":{"line":53,"column":4},"end":{"line":53,"column":null}},"10":{"start":{"line":59,"column":4},"end":{"line":97,"column":null}},"11":{"start":{"line":60,"column":28},"end":{"line":61,"column":null}},"12":{"start":{"line":63,"column":6},"end":{"line":63,"column":null}},"13":{"start":{"line":63,"column":50},"end":{"line":63,"column":null}},"14":{"start":{"line":65,"column":25},"end":{"line":67,"column":null}},"15":{"start":{"line":70,"column":27},"end":{"line":72,"column":null}},"16":{"start":{"line":71,"column":8},"end":{"line":72,"column":null}},"17":{"start":{"line":76,"column":24},"end":{"line":76,"column":null}},"18":{"start":{"line":77,"column":45},"end":{"line":77,"column":47}},"19":{"start":{"line":79,"column":6},"end":{"line":82,"column":null}},"20":{"start":{"line":80,"column":8},"end":{"line":80,"column":null}},"21":{"start":{"line":80,"column":47},"end":{"line":80,"column":null}},"22":{"start":{"line":81,"column":8},"end":{"line":81,"column":null}},"23":{"start":{"line":84,"column":6},"end":{"line":87,"column":null}},"24":{"start":{"line":90,"column":8},"end":{"line":92,"column":null}},"25":{"start":{"line":93,"column":6},"end":{"line":96,"column":null}},"26":{"start":{"line":103,"column":26},"end":{"line":103,"column":null}},"27":{"start":{"line":105,"column":4},"end":{"line":107,"column":null}},"28":{"start":{"line":106,"column":6},"end":{"line":106,"column":null}},"29":{"start":{"line":109,"column":21},"end":{"line":110,"column":null}},"30":{"start":{"line":113,"column":4},"end":{"line":113,"column":null}},"31":{"start":{"line":113,"column":43},"end":{"line":113,"column":null}},"32":{"start":{"line":115,"column":4},"end":{"line":118,"column":null}},"33":{"start":{"line":122,"column":4},"end":{"line":131,"column":null}},"34":{"start":{"line":122,"column":42},"end":{"line":131,"column":null}}},"fnMap":{"0":{"name":"(anonymous_0)","decl":{"start":{"line":19,"column":2},"end":{"line":19,"column":16}},"loc":{"start":{"line":19,"column":73},"end":{"line":38,"column":null}}},"1":{"name":"(anonymous_1)","decl":{"start":{"line":40,"column":10},"end":{"line":40,"column":26}},"loc":{"start":{"line":40,"column":50},"end":{"line":48,"column":null}}},"2":{"name":"(anonymous_2)","decl":{"start":{"line":50,"column":10},"end":{"line":50,"column":null}},"loc":{"start":{"line":52,"column":36},"end":{"line":54,"column":null}}},"3":{"name":"(anonymous_3)","decl":{"start":{"line":56,"column":2},"end":{"line":56,"column":8}},"loc":{"start":{"line":58,"column":50},"end":{"line":98,"column":null}}},"4":{"name":"(anonymous_4)","decl":{"start":{"line":70,"column":62},"end":{"line":70,"column":63}},"loc":{"start":{"line":71,"column":8},"end":{"line":72,"column":null}}},"5":{"name":"(anonymous_5)","decl":{"start":{"line":100,"column":2},"end":{"line":100,"column":8}},"loc":{"start":{"line":102,"column":50},"end":{"line":119,"column":null}}},"6":{"name":"(anonymous_6)","decl":{"start":{"line":121,"column":2},"end":{"line":121,"column":19}},"loc":{"start":{"line":121,"column":65},"end":{"line":132,"column":null}}},"7":{"name":"(anonymous_7)","decl":{"start":{"line":122,"column":26},"end":{"line":122,"column":27}},"loc":{"start":{"line":122,"column":42},"end":{"line":131,"column":null}}}},"branchMap":{"0":{"loc":{"start":{"line":16,"column":2},"end":{"line":16,"column":null}},"type":"binary-expr","locations":[{"start":{"line":16,"column":2},"end":{"line":16,"column":33}},{"start":{"line":16,"column":37},"end":{"line":16,"column":null}}]},"1":{"loc":{"start":{"line":22,"column":6},"end":{"line":27,"column":null}},"type":"if","locations":[{"start":{"line":22,"column":6},"end":{"line":27,"column":null}},{"start":{},"end":{}}]},"2":{"loc":{"start":{"line":35,"column":17},"end":{"line":35,"column":null}},"type":"cond-expr","locations":[{"start":{"line":35,"column":42},"end":{"line":35,"column":55}},{"start":{"line":35,"column":58},"end":{"line":35,"column":null}}]},"3":{"loc":{"start":{"line":47,"column":11},"end":{"line":47,"column":54}},"type":"binary-expr","locations":[{"start":{"line":47,"column":11},"end":{"line":47,"column":27}},{"start":{"line":47,"column":31},"end":{"line":47,"column":54}}]},"4":{"loc":{"start":{"line":57,"column":4},"end":{"line":57,"column":null}},"type":"default-arg","locations":[{"start":{"line":57,"column":12},"end":{"line":57,"column":null}}]},"5":{"loc":{"start":{"line":63,"column":6},"end":{"line":63,"column":null}},"type":"if","locations":[{"start":{"line":63,"column":6},"end":{"line":63,"column":null}},{"start":{},"end":{}}]},"6":{"loc":{"start":{"line":80,"column":8},"end":{"line":80,"column":null}},"type":"if","locations":[{"start":{"line":80,"column":8},"end":{"line":80,"column":null}},{"start":{},"end":{}}]},"7":{"loc":{"start":{"line":90,"column":8},"end":{"line":92,"column":null}},"type":"cond-expr","locations":[{"start":{"line":91,"column":12},"end":{"line":91,"column":null}},{"start":{"line":92,"column":12},"end":{"line":92,"column":null}}]},"8":{"loc":{"start":{"line":105,"column":4},"end":{"line":107,"column":null}},"type":"if","locations":[{"start":{"line":105,"column":4},"end":{"line":107,"column":null}},{"start":{},"end":{}}]},"9":{"loc":{"start":{"line":113,"column":4},"end":{"line":113,"column":null}},"type":"if","locations":[{"start":{"line":113,"column":4},"end":{"line":113,"column":null}},{"start":{},"end":{}}]}},"s":{"0":1,"1":10,"2":10,"3":9,"4":2,"5":7,"6":1,"7":7,"8":7,"9":7,"10":2,"11":2,"12":2,"13":0,"14":2,"15":2,"16":3,"17":2,"18":2,"19":2,"20":3,"21":0,"22":3,"23":2,"24":0,"25":0,"26":3,"27":3,"28":1,"29":2,"30":2,"31":1,"32":1,"33":2,"34":1},"f":{"0":10,"1":7,"2":7,"3":2,"4":3,"5":3,"6":2,"7":1},"b":{"0":[1,0],"1":[2,7],"2":[1,0],"3":[7,1],"4":[0],"5":[0,2],"6":[0,3],"7":[0,0],"8":[1,2],"9":[1,1]}}
,"/Users/yuliapodgurskaia/rs-react-app/rs-react-app/src/services/storageService.ts": {"path":"/Users/yuliapodgurskaia/rs-react-app/rs-react-app/src/services/storageService.ts","statementMap":{"0":{"start":{"line":1,"column":29},"end":{"line":1,"column":null}},"1":{"start":{"line":2,"column":30},"end":{"line":2,"column":null}},"2":{"start":{"line":4,"column":23},"end":{"line":54,"column":null}},"3":{"start":{"line":6,"column":4},"end":{"line":12,"column":null}},"4":{"start":{"line":7,"column":19},"end":{"line":7,"column":null}},"5":{"start":{"line":8,"column":6},"end":{"line":8,"column":null}},"6":{"start":{"line":10,"column":6},"end":{"line":10,"column":null}},"7":{"start":{"line":11,"column":6},"end":{"line":11,"column":null}},"8":{"start":{"line":16,"column":4},"end":{"line":26,"column":null}},"9":{"start":{"line":17,"column":6},"end":{"line":17,"column":null}},"10":{"start":{"line":19,"column":22},"end":{"line":19,"column":null}},"11":{"start":{"line":20,"column":6},"end":{"line":23,"column":null}},"12":{"start":{"line":21,"column":27},"end":{"line":21,"column":null}},"13":{"start":{"line":22,"column":8},"end":{"line":22,"column":null}},"14":{"start":{"line":25,"column":6},"end":{"line":25,"column":null}},"15":{"start":{"line":30,"column":4},"end":{"line":34,"column":null}},"16":{"start":{"line":31,"column":6},"end":{"line":31,"column":null}},"17":{"start":{"line":33,"column":6},"end":{"line":33,"column":null}},"18":{"start":{"line":38,"column":4},"end":{"line":44,"column":null}},"19":{"start":{"line":39,"column":22},"end":{"line":39,"column":null}},"20":{"start":{"line":40,"column":6},"end":{"line":40,"column":null}},"21":{"start":{"line":42,"column":6},"end":{"line":42,"column":null}},"22":{"start":{"line":43,"column":6},"end":{"line":43,"column":null}},"23":{"start":{"line":48,"column":4},"end":{"line":52,"column":null}},"24":{"start":{"line":49,"column":6},"end":{"line":49,"column":null}},"25":{"start":{"line":51,"column":6},"end":{"line":51,"column":null}}},"fnMap":{"0":{"name":"(anonymous_0)","decl":{"start":{"line":5,"column":2},"end":{"line":5,"column":null}},"loc":{"start":{"line":5,"column":2},"end":{"line":13,"column":null}}},"1":{"name":"(anonymous_1)","decl":{"start":{"line":15,"column":2},"end":{"line":15,"column":17}},"loc":{"start":{"line":15,"column":29},"end":{"line":27,"column":null}}},"2":{"name":"(anonymous_2)","decl":{"start":{"line":29,"column":2},"end":{"line":29,"column":null}},"loc":{"start":{"line":29,"column":2},"end":{"line":35,"column":null}}},"3":{"name":"(anonymous_3)","decl":{"start":{"line":37,"column":2},"end":{"line":37,"column":null}},"loc":{"start":{"line":37,"column":2},"end":{"line":45,"column":null}}},"4":{"name":"(anonymous_4)","decl":{"start":{"line":47,"column":2},"end":{"line":47,"column":null}},"loc":{"start":{"line":47,"column":2},"end":{"line":53,"column":null}}}},"branchMap":{"0":{"loc":{"start":{"line":8,"column":13},"end":{"line":8,"column":null}},"type":"cond-expr","locations":[{"start":{"line":8,"column":20},"end":{"line":8,"column":39}},{"start":{"line":8,"column":39},"end":{"line":8,"column":null}}]},"1":{"loc":{"start":{"line":20,"column":6},"end":{"line":23,"column":null}},"type":"if","locations":[{"start":{"line":20,"column":6},"end":{"line":23,"column":null}},{"start":{},"end":{}}]},"2":{"loc":{"start":{"line":20,"column":10},"end":{"line":20,"column":43}},"type":"binary-expr","locations":[{"start":{"line":20,"column":10},"end":{"line":20,"column":18}},{"start":{"line":20,"column":18},"end":{"line":20,"column":43}}]},"3":{"loc":{"start":{"line":40,"column":13},"end":{"line":40,"column":47}},"type":"cond-expr","locations":[{"start":{"line":40,"column":23},"end":{"line":40,"column":45}},{"start":{"line":40,"column":45},"end":{"line":40,"column":47}}]}},"s":{"0":1,"1":1,"2":1,"3":4,"4":4,"5":3,"6":2,"7":2,"8":20,"9":20,"10":19,"11":19,"12":18,"13":18,"14":1,"15":2,"16":2,"17":0,"18":23,"19":23,"20":22,"21":2,"22":2,"23":1,"24":1,"25":0},"f":{"0":4,"1":20,"2":2,"3":23,"4":1},"b":{"0":[2,1],"1":[18,1],"2":[19,19],"3":[17,5]}}
,"/Users/yuliapodgurskaia/rs-react-app/rs-react-app/src/utils/timerService.ts": {"path":"/Users/yuliapodgurskaia/rs-react-app/rs-react-app/src/utils/timerService.ts","statementMap":{"0":{"start":{"line":5,"column":20},"end":{"line":5,"column":null}},"1":{"start":{"line":6,"column":4},"end":{"line":6,"column":null}},"2":{"start":{"line":7,"column":4},"end":{"line":7,"column":null}},"3":{"start":{"line":11,"column":4},"end":{"line":11,"column":null}},"4":{"start":{"line":11,"column":37},"end":{"line":11,"column":null}},"5":{"start":{"line":12,"column":4},"end":{"line":12,"column":null}},"6":{"start":{"line":2,"column":2},"end":{"line":2,"column":null}}},"fnMap":{"0":{"name":"(anonymous_1)","decl":{"start":{"line":4,"column":2},"end":{"line":4,"column":13}},"loc":{"start":{"line":4,"column":58},"end":{"line":8,"column":null}}},"1":{"name":"(anonymous_2)","decl":{"start":{"line":10,"column":2},"end":{"line":10,"column":19}},"loc":{"start":{"line":10,"column":19},"end":{"line":13,"column":null}}},"2":{"name":"(anonymous_3)","decl":{"start":{"line":11,"column":24},"end":{"line":11,"column":25}},"loc":{"start":{"line":11,"column":37},"end":{"line":11,"column":null}}}},"branchMap":{},"s":{"0":1,"1":1,"2":1,"3":1,"4":1,"5":1,"6":1},"f":{"0":1,"1":1,"2":1},"b":{}}
}
